<?xml version="1.0" encoding="UTF-8"?>
<!-- Generated by org.testng.reporters.JUnitXMLReporter -->
<testsuite ignored="0" hostname="LT14-RJV3-IND" failures="0" tests="12" name="Surefire test" time="104.057" errors="0" timestamp="2026-02-19T10:28:29 IST">
  <testcase classname="com.qafox.qa.testcases.HomePageTest" name="validateHomePageTitle" time="0.028"/>
  <testcase classname="com.qafox.qa.testcases.HomePageTest" name="validatePresentACCHeader" time="0.081"/>
  <testcase classname="com.qafox.qa.testcases.HomePageTest" name="validateLogoutOptionTest" time="1.645"/>
  <testcase classname="com.qafox.qa.testcases.HomePageTest" name="DeskTopOptionsTest" time="2.723"/>
  <testcase classname="com.qafox.qa.testcases.HomePageTest" name="validateWishListTest" time="2.307"/>
  <testcase classname="com.qafox.qa.testcases.HomePageTest" name="validateShoppingCartTest" time="2.368"/>
  <testcase classname="com.qafox.qa.testcases.LoginPageTest" name="LoginPageTitleTest" time="0.02"/>
  <testcase classname="com.qafox.qa.testcases.LoginPageTest" name="MyAccountOptionTest" time="0.052"/>
  <testcase classname="com.qafox.qa.testcases.LoginPageTest" name="LoginTest" time="3.833"/>
  <testcase classname="com.qafox.qa.testcases.LogoutPageTest" name="validateLogoutPageTitleTest" time="0.01"/>
  <testcase classname="com.qafox.qa.testcases.LogoutPageTest" name="validateAccLogoutHeaderTest" time="0.044"/>
  <testcase classname="com.qafox.qa.testcases.LogoutPageTest" name="ClickOnLogoutContinueTest" time="1.368"/>
</testsuite> <!-- Surefire test -->
