<?xml version="1.0" encoding="UTF-8"?>
<!-- Generated by org.testng.reporters.JUnitXMLReporter -->
<testsuite ignored="2" hostname="LT14-RJV3-IND" failures="0" tests="1" name="Default test" time="36.507" errors="0" timestamp="2026-02-19T17:18:15 IST">
  <testcase classname="com.qafox.qa.testcases.LogoutPageTest" name="validateAccLogoutHeaderTest" time="0.03"/>
  <testcase classname="com.qafox.qa.testcases.LogoutPageTest" name="ClickOnLogoutContinueTest" time="0.0">
    <ignored/>
  </testcase> <!-- ClickOnLogoutContinueTest -->
  <testcase classname="com.qafox.qa.testcases.LogoutPageTest" name="validateLogoutPageTitleTest" time="0.0">
    <ignored/>
  </testcase> <!-- validateLogoutPageTitleTest -->
</testsuite> <!-- Default test -->
