<?xml version="1.0" encoding="UTF-8"?>
<!-- Generated by org.testng.reporters.JUnitXMLReporter -->
<testsuite ignored="0" hostname="LT14-RJV3-IND" failures="0" tests="3" name="Default test" time="32.969" errors="0" timestamp="2026-02-18T12:25:48 IST">
  <testcase classname="com.qafox.qa.testcases.LogoutPageTest" name="validateLogoutPageTitleTest" time="0.032"/>
  <testcase classname="com.qafox.qa.testcases.LogoutPageTest" name="validateAccLogoutHeaderTest" time="0.063"/>
  <testcase classname="com.qafox.qa.testcases.LogoutPageTest" name="ClickOnLogoutContinueTest" time="1.437"/>
</testsuite> <!-- Default test -->
