<?xml version="1.0" encoding="UTF-8"?>
<testng-results ignored="0" total="12" passed="12" failed="0" skipped="0">
  <reporter-output>
  </reporter-output>
  <suite started-at="2026-02-19T10:26:45 IST" name="Surefire suite" finished-at="2026-02-19T10:28:29 IST" duration-ms="104057">
    <groups>
    </groups>
    <test started-at="2026-02-19T10:26:45 IST" name="Surefire test" finished-at="2026-02-19T10:28:29 IST" duration-ms="104057">
      <class name="com.qafox.qa.testcases.LoginPageTest">
        <test-method is-config="true" signature="SetUp()[pri:0, instance:com.qafox.qa.testcases.LoginPageTest@6f96c77]" started-at="2026-02-19T10:27:43 IST" name="SetUp" finished-at="2026-02-19T10:27:46 IST" duration-ms="3631" status="PASS">
          <reporter-output>
          </reporter-output>
        </test-method> <!-- SetUp -->
        <test-method signature="LoginPageTitleTest()[pri:1, instance:com.qafox.qa.testcases.LoginPageTest@6f96c77]" started-at="2026-02-19T10:27:46 IST" name="LoginPageTitleTest" finished-at="2026-02-19T10:27:46 IST" duration-ms="20" status="PASS">
          <reporter-output>
          </reporter-output>
        </test-method> <!-- LoginPageTitleTest -->
        <test-method is-config="true" signature="tearDown()[pri:0, instance:com.qafox.qa.testcases.LoginPageTest@6f96c77]" started-at="2026-02-19T10:27:46 IST" name="tearDown" finished-at="2026-02-19T10:27:47 IST" duration-ms="421" status="PASS">
          <reporter-output>
          </reporter-output>
        </test-method> <!-- tearDown -->
        <test-method is-config="true" signature="SetUp()[pri:0, instance:com.qafox.qa.testcases.LoginPageTest@6f96c77]" started-at="2026-02-19T10:27:47 IST" name="SetUp" finished-at="2026-02-19T10:27:51 IST" duration-ms="4066" status="PASS">
          <reporter-output>
          </reporter-output>
        </test-method> <!-- SetUp -->
        <test-method signature="MyAccountOptionTest()[pri:2, instance:com.qafox.qa.testcases.LoginPageTest@6f96c77]" started-at="2026-02-19T10:27:51 IST" name="MyAccountOptionTest" finished-at="2026-02-19T10:27:51 IST" duration-ms="52" status="PASS">
          <reporter-output>
          </reporter-output>
        </test-method> <!-- MyAccountOptionTest -->
        <test-method is-config="true" signature="tearDown()[pri:0, instance:com.qafox.qa.testcases.LoginPageTest@6f96c77]" started-at="2026-02-19T10:27:51 IST" name="tearDown" finished-at="2026-02-19T10:27:51 IST" duration-ms="588" status="PASS">
          <reporter-output>
          </reporter-output>
        </test-method> <!-- tearDown -->
        <test-method is-config="true" signature="SetUp()[pri:0, instance:com.qafox.qa.testcases.LoginPageTest@6f96c77]" started-at="2026-02-19T10:27:51 IST" name="SetUp" finished-at="2026-02-19T10:27:56 IST" duration-ms="4105" status="PASS">
          <reporter-output>
          </reporter-output>
        </test-method> <!-- SetUp -->
        <test-method signature="LoginTest()[pri:3, instance:com.qafox.qa.testcases.LoginPageTest@6f96c77]" started-at="2026-02-19T10:27:56 IST" name="LoginTest" finished-at="2026-02-19T10:27:59 IST" duration-ms="3833" status="PASS">
          <reporter-output>
          </reporter-output>
        </test-method> <!-- LoginTest -->
        <test-method is-config="true" signature="tearDown()[pri:0, instance:com.qafox.qa.testcases.LoginPageTest@6f96c77]" started-at="2026-02-19T10:27:59 IST" name="tearDown" finished-at="2026-02-19T10:28:00 IST" duration-ms="597" status="PASS">
          <reporter-output>
          </reporter-output>
        </test-method> <!-- tearDown -->
      </class> <!-- com.qafox.qa.testcases.LoginPageTest -->
      <class name="com.qafox.qa.testcases.LogoutPageTest">
        <test-method is-config="true" signature="SetUp()[pri:0, instance:com.qafox.qa.testcases.LogoutPageTest@be64738]" started-at="2026-02-19T10:28:00 IST" name="SetUp" finished-at="2026-02-19T10:28:09 IST" duration-ms="8691" status="PASS">
          <reporter-output>
          </reporter-output>
        </test-method> <!-- SetUp -->
        <test-method signature="validateLogoutPageTitleTest()[pri:1, instance:com.qafox.qa.testcases.LogoutPageTest@be64738]" started-at="2026-02-19T10:28:09 IST" name="validateLogoutPageTitleTest" finished-at="2026-02-19T10:28:09 IST" duration-ms="10" status="PASS">
          <reporter-output>
          </reporter-output>
        </test-method> <!-- validateLogoutPageTitleTest -->
        <test-method is-config="true" signature="tearDown()[pri:0, instance:com.qafox.qa.testcases.LogoutPageTest@be64738]" started-at="2026-02-19T10:28:09 IST" name="tearDown" finished-at="2026-02-19T10:28:09 IST" duration-ms="630" status="PASS">
          <reporter-output>
          </reporter-output>
        </test-method> <!-- tearDown -->
        <test-method is-config="true" signature="SetUp()[pri:0, instance:com.qafox.qa.testcases.LogoutPageTest@be64738]" started-at="2026-02-19T10:28:09 IST" name="SetUp" finished-at="2026-02-19T10:28:18 IST" duration-ms="8161" status="PASS">
          <reporter-output>
          </reporter-output>
        </test-method> <!-- SetUp -->
        <test-method signature="validateAccLogoutHeaderTest()[pri:2, instance:com.qafox.qa.testcases.LogoutPageTest@be64738]" started-at="2026-02-19T10:28:18 IST" name="validateAccLogoutHeaderTest" finished-at="2026-02-19T10:28:18 IST" duration-ms="44" status="PASS">
          <reporter-output>
          </reporter-output>
        </test-method> <!-- validateAccLogoutHeaderTest -->
        <test-method is-config="true" signature="tearDown()[pri:0, instance:com.qafox.qa.testcases.LogoutPageTest@be64738]" started-at="2026-02-19T10:28:18 IST" name="tearDown" finished-at="2026-02-19T10:28:18 IST" duration-ms="684" status="PASS">
          <reporter-output>
          </reporter-output>
        </test-method> <!-- tearDown -->
        <test-method is-config="true" signature="SetUp()[pri:0, instance:com.qafox.qa.testcases.LogoutPageTest@be64738]" started-at="2026-02-19T10:28:18 IST" name="SetUp" finished-at="2026-02-19T10:28:27 IST" duration-ms="8425" status="PASS">
          <reporter-output>
          </reporter-output>
        </test-method> <!-- SetUp -->
        <test-method signature="ClickOnLogoutContinueTest()[pri:3, instance:com.qafox.qa.testcases.LogoutPageTest@be64738]" started-at="2026-02-19T10:28:27 IST" name="ClickOnLogoutContinueTest" finished-at="2026-02-19T10:28:28 IST" duration-ms="1368" status="PASS">
          <reporter-output>
          </reporter-output>
        </test-method> <!-- ClickOnLogoutContinueTest -->
        <test-method is-config="true" signature="tearDown()[pri:0, instance:com.qafox.qa.testcases.LogoutPageTest@be64738]" started-at="2026-02-19T10:28:28 IST" name="tearDown" finished-at="2026-02-19T10:28:29 IST" duration-ms="658" status="PASS">
          <reporter-output>
          </reporter-output>
        </test-method> <!-- tearDown -->
      </class> <!-- com.qafox.qa.testcases.LogoutPageTest -->
      <class name="com.qafox.qa.testcases.HomePageTest">
        <test-method is-config="true" signature="SetUp()[pri:0, instance:com.qafox.qa.testcases.HomePageTest@4313f5bc]" started-at="2026-02-19T10:26:45 IST" name="SetUp" finished-at="2026-02-19T10:26:52 IST" duration-ms="7725" status="PASS">
          <reporter-output>
          </reporter-output>
        </test-method> <!-- SetUp -->
        <test-method signature="validateHomePageTitle()[pri:1, instance:com.qafox.qa.testcases.HomePageTest@4313f5bc]" started-at="2026-02-19T10:26:52 IST" name="validateHomePageTitle" finished-at="2026-02-19T10:26:52 IST" duration-ms="28" status="PASS">
          <reporter-output>
          </reporter-output>
        </test-method> <!-- validateHomePageTitle -->
        <test-method is-config="true" signature="tearDown()[pri:0, instance:com.qafox.qa.testcases.HomePageTest@4313f5bc]" started-at="2026-02-19T10:26:52 IST" name="tearDown" finished-at="2026-02-19T10:26:53 IST" duration-ms="526" status="PASS">
          <reporter-output>
          </reporter-output>
        </test-method> <!-- tearDown -->
        <test-method is-config="true" signature="SetUp()[pri:0, instance:com.qafox.qa.testcases.HomePageTest@4313f5bc]" started-at="2026-02-19T10:26:53 IST" name="SetUp" finished-at="2026-02-19T10:27:00 IST" duration-ms="7006" status="PASS">
          <reporter-output>
          </reporter-output>
        </test-method> <!-- SetUp -->
        <test-method signature="validatePresentACCHeader()[pri:2, instance:com.qafox.qa.testcases.HomePageTest@4313f5bc]" started-at="2026-02-19T10:27:00 IST" name="validatePresentACCHeader" finished-at="2026-02-19T10:27:00 IST" duration-ms="81" status="PASS">
          <reporter-output>
          </reporter-output>
        </test-method> <!-- validatePresentACCHeader -->
        <test-method is-config="true" signature="tearDown()[pri:0, instance:com.qafox.qa.testcases.HomePageTest@4313f5bc]" started-at="2026-02-19T10:27:00 IST" name="tearDown" finished-at="2026-02-19T10:27:01 IST" duration-ms="499" status="PASS">
          <reporter-output>
          </reporter-output>
        </test-method> <!-- tearDown -->
        <test-method is-config="true" signature="SetUp()[pri:0, instance:com.qafox.qa.testcases.HomePageTest@4313f5bc]" started-at="2026-02-19T10:27:01 IST" name="SetUp" finished-at="2026-02-19T10:27:08 IST" duration-ms="7836" status="PASS">
          <reporter-output>
          </reporter-output>
        </test-method> <!-- SetUp -->
        <test-method signature="validateLogoutOptionTest()[pri:3, instance:com.qafox.qa.testcases.HomePageTest@4313f5bc]" started-at="2026-02-19T10:27:08 IST" name="validateLogoutOptionTest" finished-at="2026-02-19T10:27:10 IST" duration-ms="1645" status="PASS">
          <reporter-output>
          </reporter-output>
        </test-method> <!-- validateLogoutOptionTest -->
        <test-method is-config="true" signature="tearDown()[pri:0, instance:com.qafox.qa.testcases.HomePageTest@4313f5bc]" started-at="2026-02-19T10:27:10 IST" name="tearDown" finished-at="2026-02-19T10:27:11 IST" duration-ms="629" status="PASS">
          <reporter-output>
          </reporter-output>
        </test-method> <!-- tearDown -->
        <test-method is-config="true" signature="SetUp()[pri:0, instance:com.qafox.qa.testcases.HomePageTest@4313f5bc]" started-at="2026-02-19T10:27:11 IST" name="SetUp" finished-at="2026-02-19T10:27:18 IST" duration-ms="7113" status="PASS">
          <reporter-output>
          </reporter-output>
        </test-method> <!-- SetUp -->
        <test-method signature="DeskTopOptionsTest()[pri:4, instance:com.qafox.qa.testcases.HomePageTest@4313f5bc]" started-at="2026-02-19T10:27:18 IST" name="DeskTopOptionsTest" finished-at="2026-02-19T10:27:21 IST" duration-ms="2723" status="PASS">
          <reporter-output>
          </reporter-output>
        </test-method> <!-- DeskTopOptionsTest -->
        <test-method is-config="true" signature="tearDown()[pri:0, instance:com.qafox.qa.testcases.HomePageTest@4313f5bc]" started-at="2026-02-19T10:27:21 IST" name="tearDown" finished-at="2026-02-19T10:27:21 IST" duration-ms="641" status="PASS">
          <reporter-output>
          </reporter-output>
        </test-method> <!-- tearDown -->
        <test-method is-config="true" signature="SetUp()[pri:0, instance:com.qafox.qa.testcases.HomePageTest@4313f5bc]" started-at="2026-02-19T10:27:21 IST" name="SetUp" finished-at="2026-02-19T10:27:29 IST" duration-ms="7939" status="PASS">
          <reporter-output>
          </reporter-output>
        </test-method> <!-- SetUp -->
        <test-method signature="validateWishListTest()[pri:5, instance:com.qafox.qa.testcases.HomePageTest@4313f5bc]" started-at="2026-02-19T10:27:29 IST" name="validateWishListTest" finished-at="2026-02-19T10:27:31 IST" duration-ms="2307" status="PASS">
          <reporter-output>
          </reporter-output>
        </test-method> <!-- validateWishListTest -->
        <test-method is-config="true" signature="tearDown()[pri:0, instance:com.qafox.qa.testcases.HomePageTest@4313f5bc]" started-at="2026-02-19T10:27:31 IST" name="tearDown" finished-at="2026-02-19T10:27:32 IST" duration-ms="653" status="PASS">
          <reporter-output>
          </reporter-output>
        </test-method> <!-- tearDown -->
        <test-method is-config="true" signature="SetUp()[pri:0, instance:com.qafox.qa.testcases.HomePageTest@4313f5bc]" started-at="2026-02-19T10:27:32 IST" name="SetUp" finished-at="2026-02-19T10:27:40 IST" duration-ms="7496" status="PASS">
          <reporter-output>
          </reporter-output>
        </test-method> <!-- SetUp -->
        <test-method signature="validateShoppingCartTest()[pri:6, instance:com.qafox.qa.testcases.HomePageTest@4313f5bc]" started-at="2026-02-19T10:27:40 IST" name="validateShoppingCartTest" finished-at="2026-02-19T10:27:42 IST" duration-ms="2368" status="PASS">
          <reporter-output>
          </reporter-output>
        </test-method> <!-- validateShoppingCartTest -->
        <test-method is-config="true" signature="tearDown()[pri:0, instance:com.qafox.qa.testcases.HomePageTest@4313f5bc]" started-at="2026-02-19T10:27:42 IST" name="tearDown" finished-at="2026-02-19T10:27:43 IST" duration-ms="736" status="PASS">
          <reporter-output>
          </reporter-output>
        </test-method> <!-- tearDown -->
      </class> <!-- com.qafox.qa.testcases.HomePageTest -->
    </test> <!-- Surefire test -->
  </suite> <!-- Surefire suite -->
</testng-results>
