<?xml version="1.0" encoding="UTF-8"?>
<testng-results ignored="2" total="3" passed="1" failed="0" skipped="0">
  <reporter-output>
  </reporter-output>
  <suite started-at="2026-02-19T17:17:39 IST" name="Default suite" finished-at="2026-02-19T17:18:15 IST" duration-ms="36507">
    <groups>
    </groups>
    <test started-at="2026-02-19T17:17:39 IST" name="Default test" finished-at="2026-02-19T17:18:15 IST" duration-ms="36507">
      <class name="com.qafox.qa.testcases.LogoutPageTest">
        <test-method is-config="true" signature="SetUp()[pri:0, instance:com.qafox.qa.testcases.LogoutPageTest@2d1ef81a]" started-at="2026-02-19T17:17:39 IST" name="SetUp" finished-at="2026-02-19T17:18:15 IST" duration-ms="36111" status="PASS">
          <reporter-output>
          </reporter-output>
        </test-method> <!-- SetUp -->
        <test-method signature="validateAccLogoutHeaderTest()[pri:2, instance:com.qafox.qa.testcases.LogoutPageTest@2d1ef81a]" started-at="2026-02-19T17:18:15 IST" name="validateAccLogoutHeaderTest" finished-at="2026-02-19T17:18:15 IST" duration-ms="30" status="PASS">
          <reporter-output>
          </reporter-output>
        </test-method> <!-- validateAccLogoutHeaderTest -->
        <test-method is-config="true" signature="tearDown()[pri:0, instance:com.qafox.qa.testcases.LogoutPageTest@2d1ef81a]" started-at="2026-02-19T17:18:15 IST" name="tearDown" finished-at="2026-02-19T17:18:15 IST" duration-ms="330" status="PASS">
          <reporter-output>
          </reporter-output>
        </test-method> <!-- tearDown -->
      </class> <!-- com.qafox.qa.testcases.LogoutPageTest -->
    </test> <!-- Default test -->
  </suite> <!-- Default suite -->
</testng-results>
