<?xml version="1.0" encoding="UTF-8"?>
<testng-results ignored="0" total="3" passed="2" failed="1" skipped="0">
  <reporter-output>
  </reporter-output>
  <suite started-at="2026-02-20T18:28:52 IST" name="Default suite" finished-at="2026-02-20T18:29:11 IST" duration-ms="19549">
    <groups>
    </groups>
    <test started-at="2026-02-20T18:28:52 IST" name="Default test" finished-at="2026-02-20T18:29:11 IST" duration-ms="19549">
      <class name="com.qafox.qa.testcases.LoginPageTest">
        <test-method is-config="true" signature="setExtent()[pri:0, instance:com.qafox.qa.testcases.LoginPageTest@710f4dc7]" started-at="2026-02-20T18:28:52 IST" name="setExtent" finished-at="2026-02-20T18:28:52 IST" duration-ms="216" status="PASS">
          <reporter-output>
          </reporter-output>
        </test-method> <!-- setExtent -->
        <test-method is-config="true" signature="setUp(java.lang.reflect.Method)[pri:0, instance:com.qafox.qa.testcases.LoginPageTest@710f4dc7]" started-at="2026-02-20T18:28:52 IST" name="setUp" finished-at="2026-02-20T18:28:57 IST" duration-ms="5129" status="PASS">
          <params>
            <param index="0">
              <value>
                <![CDATA[public void com.qafox.qa.testcases.LoginPageTest.LoginPageTitleTest()]]>
              </value>
            </param>
          </params>
          <reporter-output>
          </reporter-output>
        </test-method> <!-- setUp -->
        <test-method signature="LoginPageTitleTest()[pri:1, instance:com.qafox.qa.testcases.LoginPageTest@710f4dc7]" started-at="2026-02-20T18:28:57 IST" name="LoginPageTitleTest" finished-at="2026-02-20T18:28:57 IST" duration-ms="33" status="FAIL">
          <exception class="java.lang.AssertionError">
            <message>
              <![CDATA[expected [Your Store$] but found [Your Store]]]>
            </message>
            <full-stacktrace>
              <![CDATA[java.lang.AssertionError: expected [Your Store$] but found [Your Store]
at org.testng.Assert.fail(Assert.java:111)
at org.testng.Assert.failNotEquals(Assert.java:1590)
at org.testng.Assert.assertEqualsImpl(Assert.java:150)
at org.testng.Assert.assertEquals(Assert.java:132)
at org.testng.Assert.assertEquals(Assert.java:656)
at org.testng.Assert.assertEquals(Assert.java:666)
at com.qafox.qa.testcases.LoginPageTest.LoginPageTitleTest(LoginPageTest.java:82)
at java.base/jdk.internal.reflect.DirectMethodHandleAccessor.invoke(DirectMethodHandleAccessor.java:103)
at java.base/java.lang.reflect.Method.invoke(Method.java:580)
at org.testng.internal.invokers.MethodInvocationHelper.invokeMethod(MethodInvocationHelper.java:141)
at org.testng.internal.invokers.TestInvoker.invokeMethod(TestInvoker.java:687)
at org.testng.internal.invokers.TestInvoker.invokeTestMethod(TestInvoker.java:230)
at org.testng.internal.invokers.MethodRunner.runInSequence(MethodRunner.java:63)
at org.testng.internal.invokers.TestInvoker$MethodInvocationAgent.invoke(TestInvoker.java:995)
at org.testng.internal.invokers.TestInvoker.invokeTestMethods(TestInvoker.java:203)
at org.testng.internal.invokers.TestMethodWorker.invokeTestMethods(TestMethodWorker.java:154)
at org.testng.internal.invokers.TestMethodWorker.run(TestMethodWorker.java:134)
at java.base/java.util.ArrayList.forEach(ArrayList.java:1596)
at org.testng.TestRunner.privateRun(TestRunner.java:741)
at org.testng.TestRunner.run(TestRunner.java:616)
at org.testng.SuiteRunner.runTest(SuiteRunner.java:421)
at org.testng.SuiteRunner.runSequentially(SuiteRunner.java:413)
at org.testng.SuiteRunner.privateRun(SuiteRunner.java:373)
at org.testng.SuiteRunner.run(SuiteRunner.java:312)
at org.testng.SuiteRunnerWorker.runSuite(SuiteRunnerWorker.java:52)
at org.testng.SuiteRunnerWorker.run(SuiteRunnerWorker.java:95)
at org.testng.TestNG.runSuitesSequentially(TestNG.java:1274)
at org.testng.TestNG.runSuitesLocally(TestNG.java:1208)
at org.testng.TestNG.runSuites(TestNG.java:1112)
at org.testng.TestNG.run(TestNG.java:1079)
at org.testng.remote.AbstractRemoteTestNG.run(AbstractRemoteTestNG.java:115)
at org.testng.remote.RemoteTestNG.initAndRun(RemoteTestNG.java:293)
at org.testng.remote.RemoteTestNG.main(RemoteTestNG.java:91)
]]>
            </full-stacktrace>
          </exception> <!-- java.lang.AssertionError -->
          <reporter-output>
          </reporter-output>
        </test-method> <!-- LoginPageTitleTest -->
        <test-method is-config="true" signature="tearDown(org.testng.ITestResult)[pri:0, instance:com.qafox.qa.testcases.LoginPageTest@710f4dc7]" started-at="2026-02-20T18:28:57 IST" name="tearDown" finished-at="2026-02-20T18:28:58 IST" duration-ms="542" status="PASS">
          <params>
            <param index="0">
              <value>
                <![CDATA[[TestResult name=LoginPageTitleTest status=FAILURE method=LoginPageTest.LoginPageTitleTest()[pri:1, instance:com.qafox.qa.testcases.LoginPageTest@710f4dc7] output={null}]]]>
              </value>
            </param>
          </params>
          <reporter-output>
          </reporter-output>
        </test-method> <!-- tearDown -->
        <test-method is-config="true" signature="setUp(java.lang.reflect.Method)[pri:0, instance:com.qafox.qa.testcases.LoginPageTest@710f4dc7]" started-at="2026-02-20T18:28:58 IST" name="setUp" finished-at="2026-02-20T18:29:01 IST" duration-ms="3716" status="PASS">
          <params>
            <param index="0">
              <value>
                <![CDATA[public void com.qafox.qa.testcases.LoginPageTest.MyAccountOptionTest()]]>
              </value>
            </param>
          </params>
          <reporter-output>
          </reporter-output>
        </test-method> <!-- setUp -->
        <test-method signature="MyAccountOptionTest()[pri:2, instance:com.qafox.qa.testcases.LoginPageTest@710f4dc7]" started-at="2026-02-20T18:29:01 IST" name="MyAccountOptionTest" finished-at="2026-02-20T18:29:01 IST" duration-ms="120" status="PASS">
          <reporter-output>
          </reporter-output>
        </test-method> <!-- MyAccountOptionTest -->
        <test-method is-config="true" signature="tearDown(org.testng.ITestResult)[pri:0, instance:com.qafox.qa.testcases.LoginPageTest@710f4dc7]" started-at="2026-02-20T18:29:01 IST" name="tearDown" finished-at="2026-02-20T18:29:03 IST" duration-ms="1848" status="PASS">
          <params>
            <param index="0">
              <value>
                <![CDATA[[TestResult name=MyAccountOptionTest status=SUCCESS method=LoginPageTest.MyAccountOptionTest()[pri:2, instance:com.qafox.qa.testcases.LoginPageTest@710f4dc7] output={null}]]]>
              </value>
            </param>
          </params>
          <reporter-output>
          </reporter-output>
        </test-method> <!-- tearDown -->
        <test-method is-config="true" signature="setUp(java.lang.reflect.Method)[pri:0, instance:com.qafox.qa.testcases.LoginPageTest@710f4dc7]" started-at="2026-02-20T18:29:03 IST" name="setUp" finished-at="2026-02-20T18:29:08 IST" duration-ms="4306" status="PASS">
          <params>
            <param index="0">
              <value>
                <![CDATA[public void com.qafox.qa.testcases.LoginPageTest.LoginTest() throws java.lang.InterruptedException]]>
              </value>
            </param>
          </params>
          <reporter-output>
          </reporter-output>
        </test-method> <!-- setUp -->
        <test-method signature="LoginTest()[pri:3, instance:com.qafox.qa.testcases.LoginPageTest@710f4dc7]" started-at="2026-02-20T18:29:08 IST" name="LoginTest" finished-at="2026-02-20T18:29:10 IST" duration-ms="2844" status="PASS">
          <reporter-output>
          </reporter-output>
        </test-method> <!-- LoginTest -->
        <test-method is-config="true" signature="tearDown(org.testng.ITestResult)[pri:0, instance:com.qafox.qa.testcases.LoginPageTest@710f4dc7]" started-at="2026-02-20T18:29:10 IST" name="tearDown" finished-at="2026-02-20T18:29:11 IST" duration-ms="380" status="PASS">
          <params>
            <param index="0">
              <value>
                <![CDATA[[TestResult name=LoginTest status=SUCCESS method=LoginPageTest.LoginTest()[pri:3, instance:com.qafox.qa.testcases.LoginPageTest@710f4dc7] output={null}]]]>
              </value>
            </param>
          </params>
          <reporter-output>
          </reporter-output>
        </test-method> <!-- tearDown -->
        <test-method is-config="true" signature="endReport()[pri:0, instance:com.qafox.qa.testcases.LoginPageTest@710f4dc7]" started-at="2026-02-20T18:29:11 IST" name="endReport" finished-at="2026-02-20T18:29:11 IST" duration-ms="369" status="PASS">
          <reporter-output>
          </reporter-output>
        </test-method> <!-- endReport -->
      </class> <!-- com.qafox.qa.testcases.LoginPageTest -->
    </test> <!-- Default test -->
  </suite> <!-- Default suite -->
</testng-results>
