<?xml version="1.0" encoding="UTF-8"?>
<!-- Generated by org.testng.reporters.JUnitReportReporter -->
<testsuite hostname="LT14-RJV3-IND" failures="0" tests="3" name="com.qafox.qa.testcases.LoginPageTest" time="22.758" errors="0" timestamp="2026-02-18T22:35:21 IST" skipped="0">
  <testcase classname="com.qafox.qa.testcases.LoginPageTest" name="LoginPageTitleTest" time="8.053"/>
  <testcase classname="com.qafox.qa.testcases.LoginPageTest" name="MyAccountOptionTest" time="4.983"/>
  <testcase classname="com.qafox.qa.testcases.LoginPageTest" name="LoginTest" time="9.722"/>
</testsuite> <!-- com.qafox.qa.testcases.LoginPageTest -->
