<?xml version="1.0" encoding="UTF-8"?>
<!-- Generated by org.testng.reporters.JUnitReportReporter -->
<testsuite hostname="LT14-RJV3-IND" failures="0" tests="6" name="com.qafox.qa.testcases.HomePageTest" time="64.305" errors="0" timestamp="2026-02-19T16:40:28 IST" skipped="0">
  <testcase classname="com.qafox.qa.testcases.HomePageTest" name="validateHomePageTitle" time="9.134"/>
  <testcase classname="com.qafox.qa.testcases.HomePageTest" name="validatePresentACCHeader" time="9.560"/>
  <testcase classname="com.qafox.qa.testcases.HomePageTest" name="validateLogoutOptionTest" time="11.734"/>
  <testcase classname="com.qafox.qa.testcases.HomePageTest" name="DeskTopOptionsTest" time="11.489"/>
  <testcase classname="com.qafox.qa.testcases.HomePageTest" name="validateWishListTest" time="11.536"/>
  <testcase classname="com.qafox.qa.testcases.HomePageTest" name="validateShoppingCartTest" time="10.852"/>
</testsuite> <!-- com.qafox.qa.testcases.HomePageTest -->
