<?xml version="1.0" encoding="UTF-8"?>
<!-- Generated by org.testng.reporters.JUnitReportReporter -->
<testsuite hostname="LT14-RJV3-IND" failures="0" tests="6" name="com.qafox.qa.testcases.HomePageTest" time="76.567" errors="0" timestamp="2026-02-18T22:35:21 IST" skipped="0">
  <testcase classname="com.qafox.qa.testcases.HomePageTest" name="validateHomePageTitle" time="12.931"/>
  <testcase classname="com.qafox.qa.testcases.HomePageTest" name="validatePresentACCHeader" time="12.301"/>
  <testcase classname="com.qafox.qa.testcases.HomePageTest" name="validateLogoutOptionTest" time="10.617"/>
  <testcase classname="com.qafox.qa.testcases.HomePageTest" name="DeskTopOptionsTest" time="14.360"/>
  <testcase classname="com.qafox.qa.testcases.HomePageTest" name="validateWishListTest" time="14.029"/>
  <testcase classname="com.qafox.qa.testcases.HomePageTest" name="validateShoppingCartTest" time="12.329"/>
</testsuite> <!-- com.qafox.qa.testcases.HomePageTest -->
