<?xml version="1.0" encoding="UTF-8"?>
<!-- Generated by org.testng.reporters.JUnitReportReporter -->
<testsuite hostname="LT14-RJV3-IND" failures="0" tests="3" name="com.qafox.qa.testcases.LoginPageTest" time="17.313" errors="0" timestamp="2026-02-19T10:28:29 IST" skipped="0">
  <testcase classname="com.qafox.qa.testcases.LoginPageTest" name="LoginPageTitleTest" time="4.683"/>
  <testcase classname="com.qafox.qa.testcases.LoginPageTest" name="MyAccountOptionTest" time="4.104"/>
  <testcase classname="com.qafox.qa.testcases.LoginPageTest" name="LoginTest" time="8.526"/>
</testsuite> <!-- com.qafox.qa.testcases.LoginPageTest -->
