<?xml version="1.0" encoding="UTF-8"?>
<!-- Generated by org.testng.reporters.JUnitReportReporter -->
<testsuite hostname="LT14-RJV3-IND" failures="0" tests="6" name="com.qafox.qa.testcases.HomePageTest" time="57.951" errors="0" timestamp="2026-02-19T10:28:29 IST" skipped="0">
  <testcase classname="com.qafox.qa.testcases.HomePageTest" name="validateHomePageTitle" time="7.560"/>
  <testcase classname="com.qafox.qa.testcases.HomePageTest" name="validatePresentACCHeader" time="8.435"/>
  <testcase classname="com.qafox.qa.testcases.HomePageTest" name="validateLogoutOptionTest" time="10.225"/>
  <testcase classname="com.qafox.qa.testcases.HomePageTest" name="DeskTopOptionsTest" time="10.572"/>
  <testcase classname="com.qafox.qa.testcases.HomePageTest" name="validateWishListTest" time="10.302"/>
  <testcase classname="com.qafox.qa.testcases.HomePageTest" name="validateShoppingCartTest" time="10.857"/>
</testsuite> <!-- com.qafox.qa.testcases.HomePageTest -->
