<?xml version="1.0" encoding="UTF-8"?>
<!-- Generated by org.testng.reporters.JUnitReportReporter -->
<testsuite hostname="LT14-RJV3-IND" failures="0" tests="3" name="com.qafox.qa.testcases.LogoutPageTest" time="28.671" errors="0" timestamp="2026-02-19T10:28:29 IST" skipped="0">
  <testcase classname="com.qafox.qa.testcases.LogoutPageTest" name="validateLogoutPageTitleTest" time="9.359"/>
  <testcase classname="com.qafox.qa.testcases.LogoutPageTest" name="validateAccLogoutHeaderTest" time="8.889"/>
  <testcase classname="com.qafox.qa.testcases.LogoutPageTest" name="ClickOnLogoutContinueTest" time="10.423"/>
</testsuite> <!-- com.qafox.qa.testcases.LogoutPageTest -->
