<?xml version="1.0" encoding="UTF-8"?>
<!-- Generated by org.testng.reporters.JUnitXMLReporter -->
<testsuite ignored="0" hostname="LT14-RJV3-IND" failures="0" tests="12" name="Different testing feature test" time="106.283" errors="0" timestamp="2026-02-18T22:35:20 IST">
  <testcase classname="com.qafox.qa.testcases.LogoutPageTest" name="@BeforeMethod SetUp" time="6.839">
    <failure type="org.openqa.selenium.StaleElementReferenceException" message="stale element reference: stale element not found
  (Session info: chrome=144.0.7559.133)
For documentation on this error, please visit: https://www.selenium.dev/documentation/webdriver/troubleshooting/errors#staleelementreferenceexception
Build info: version: &amp;apos;4.40.0&amp;apos;, revision: &amp;apos;b3333f1&amp;apos;
System info: os.name: &amp;apos;Windows 11&amp;apos;, os.arch: &amp;apos;amd64&amp;apos;, os.version: &amp;apos;10.0&amp;apos;, java.version: &amp;apos;17.0.12&amp;apos;
Driver info: org.openqa.selenium.chrome.ChromeDriver
Command: [c6491b654f0841c8b6aff000131b9851, clickElement {id=f.CB4C9CF3574018CF6BA0279EA5C90624.d.C4D954565B652DEED9A0A27537B00202.e.70}]
Capabilities {acceptInsecureCerts: false, browserName: chrome, browserVersion: 144.0.7559.133, chrome: {chromedriverVersion: 143.0.7499.192 (be2c1f4fd45..., userDataDir: C:\Users\RJV3\AppData\Local...}, fedcm:accounts: true, goog:chromeOptions: {debuggerAddress: localhost:53728}, goog:processID: 16108, networkConnectionEnabled: false, pageLoadStrategy: normal, platformName: windows, proxy: Proxy(), se:cdp: ws://localhost:53728/devtoo..., se:cdpVersion: 144.0.7559.133, setWindowRect: true, strictFileInteractability: false, timeouts: {implicit: 0, pageLoad: 300000, script: 30000}, unhandledPromptBehavior: dismiss and notify, webauthn:extension:credBlob: true, webauthn:extension:largeBlob: true, webauthn:extension:minPinLength: true, webauthn:extension:prf: true, webauthn:virtualAuthenticators: true}
Element: [[ChromeDriver: chrome on windows (c6491b654f0841c8b6aff000131b9851)] -&amp;gt; xpath: //span[contains(text(),&amp;apos;My Account&amp;apos;)]]
Session ID: c6491b654f0841c8b6aff000131b9851">
      <![CDATA[org.openqa.selenium.StaleElementReferenceException: stale element reference: stale element not found
  (Session info: chrome=144.0.7559.133)
For documentation on this error, please visit: https://www.selenium.dev/documentation/webdriver/troubleshooting/errors#staleelementreferenceexception
Build info: version: '4.40.0', revision: 'b3333f1'
System info: os.name: 'Windows 11', os.arch: 'amd64', os.version: '10.0', java.version: '17.0.12'
Driver info: org.openqa.selenium.chrome.ChromeDriver
Command: [c6491b654f0841c8b6aff000131b9851, clickElement {id=f.CB4C9CF3574018CF6BA0279EA5C90624.d.C4D954565B652DEED9A0A27537B00202.e.70}]
Capabilities {acceptInsecureCerts: false, browserName: chrome, browserVersion: 144.0.7559.133, chrome: {chromedriverVersion: 143.0.7499.192 (be2c1f4fd45..., userDataDir: C:\Users\RJV3\AppData\Local...}, fedcm:accounts: true, goog:chromeOptions: {debuggerAddress: localhost:53728}, goog:processID: 16108, networkConnectionEnabled: false, pageLoadStrategy: normal, platformName: windows, proxy: Proxy(), se:cdp: ws://localhost:53728/devtoo..., se:cdpVersion: 144.0.7559.133, setWindowRect: true, strictFileInteractability: false, timeouts: {implicit: 0, pageLoad: 300000, script: 30000}, unhandledPromptBehavior: dismiss and notify, webauthn:extension:credBlob: true, webauthn:extension:largeBlob: true, webauthn:extension:minPinLength: true, webauthn:extension:prf: true, webauthn:virtualAuthenticators: true}
Element: [[ChromeDriver: chrome on windows (c6491b654f0841c8b6aff000131b9851)] -> xpath: //span[contains(text(),'My Account')]]
Session ID: c6491b654f0841c8b6aff000131b9851
at org.openqa.selenium.remote.ErrorCodec.decode(ErrorCodec.java:169)
at org.openqa.selenium.remote.codec.w3c.W3CHttpResponseCodec.decode(W3CHttpResponseCodec.java:142)
at org.openqa.selenium.remote.codec.w3c.W3CHttpResponseCodec.decode(W3CHttpResponseCodec.java:49)
at org.openqa.selenium.remote.HttpCommandExecutor.execute(HttpCommandExecutor.java:223)
at org.openqa.selenium.remote.service.DriverCommandExecutor.invokeExecute(DriverCommandExecutor.java:216)
at org.openqa.selenium.remote.service.DriverCommandExecutor.execute(DriverCommandExecutor.java:174)
at org.openqa.selenium.remote.RemoteWebDriver.execute(RemoteWebDriver.java:601)
at org.openqa.selenium.remote.RemoteWebElement.execute(RemoteWebElement.java:223)
at org.openqa.selenium.remote.RemoteWebElement.click(RemoteWebElement.java:76)
at org.openqa.selenium.support.pagefactory.internal.LocatingElementHandler.invoke(LocatingElementHandler.java:51)
at jdk.proxy2/jdk.proxy2.$Proxy12.click(Unknown Source)
at com.qafox.qa.pages.HomePage.validateLogoutOption(HomePage.java:54)
at com.qafox.qa.testcases.LogoutPageTest.SetUp(LogoutPageTest.java:32)
at java.base/java.util.ArrayList.forEach(ArrayList.java:1511)
... Removed 34 stack frames]]>
    </failure>
  </testcase> <!-- @BeforeMethod SetUp -->
  <testcase classname="com.qafox.qa.testcases.LogoutPageTest" name="@AfterMethod tearDown" time="0.0">
    <skipped/>
  </testcase> <!-- @AfterMethod tearDown -->
  <testcase classname="com.qafox.qa.testcases.LogoutPageTest" name="@BeforeMethod SetUp" time="0.0">
    <skipped/>
  </testcase> <!-- @BeforeMethod SetUp -->
  <testcase classname="com.qafox.qa.testcases.LogoutPageTest" name="@AfterMethod tearDown" time="0.0">
    <skipped/>
  </testcase> <!-- @AfterMethod tearDown -->
  <testcase classname="com.qafox.qa.testcases.LogoutPageTest" name="@BeforeMethod SetUp" time="0.0">
    <skipped/>
  </testcase> <!-- @BeforeMethod SetUp -->
  <testcase classname="com.qafox.qa.testcases.LogoutPageTest" name="@AfterMethod tearDown" time="0.0">
    <skipped/>
  </testcase> <!-- @AfterMethod tearDown -->
  <testcase classname="com.qafox.qa.testcases.LoginPageTest" name="LoginPageTitleTest" time="0.023"/>
  <testcase classname="com.qafox.qa.testcases.LoginPageTest" name="MyAccountOptionTest" time="0.057"/>
  <testcase classname="com.qafox.qa.testcases.LoginPageTest" name="LoginTest" time="3.058"/>
  <testcase classname="com.qafox.qa.testcases.HomePageTest" name="validateHomePageTitle" time="0.016"/>
  <testcase classname="com.qafox.qa.testcases.HomePageTest" name="validatePresentACCHeader" time="0.02"/>
  <testcase classname="com.qafox.qa.testcases.HomePageTest" name="validateLogoutOptionTest" time="1.434"/>
  <testcase classname="com.qafox.qa.testcases.HomePageTest" name="DeskTopOptionsTest" time="3.986"/>
  <testcase classname="com.qafox.qa.testcases.HomePageTest" name="validateWishListTest" time="2.298"/>
  <testcase classname="com.qafox.qa.testcases.HomePageTest" name="validateShoppingCartTest" time="2.317"/>
  <testcase classname="com.qafox.qa.testcases.LogoutPageTest" name="validateLogoutPageTitleTest" time="0.0">
    <skipped/>
  </testcase> <!-- validateLogoutPageTitleTest -->
  <testcase classname="com.qafox.qa.testcases.LogoutPageTest" name="validateAccLogoutHeaderTest" time="0.0">
    <skipped/>
  </testcase> <!-- validateAccLogoutHeaderTest -->
  <testcase classname="com.qafox.qa.testcases.LogoutPageTest" name="ClickOnLogoutContinueTest" time="0.0">
    <skipped/>
  </testcase> <!-- ClickOnLogoutContinueTest -->
</testsuite> <!-- Different testing feature test -->
